<?xml version="1.0" encoding="UTF-8"?>
<testng-results ignored="1" total="3" passed="2" failed="0" skipped="0">
  <reporter-output>
    <line>
      <![CDATA[Extent Report DirectoryC:\Users\Arthur\IdeaProjects\WebAutomationFramework_15\Amazon\target\surefire-reports\html]]>
    </line>
  </reporter-output>
  <suite started-at="2021-03-17T23:05:42 PDT" name="TestSuite" finished-at="2021-03-17T23:06:07 PDT" duration-ms="25794">
    <groups>
    </groups>
    <test started-at="2021-03-17T23:05:42 PDT" name="Amazon Automation Test Script" finished-at="2021-03-17T23:06:07 PDT" duration-ms="25794">
      <class name="homepagetest.HomePageTest">
        <test-method is-config="true" signature="extentSetup(org.testng.ITestContext)[pri:0, instance:homepagetest.HomePageTest@27ff5d15]" started-at="2021-03-17T23:05:41 PDT" name="extentSetup" finished-at="2021-03-17T23:05:42 PDT" duration-ms="258" status="PASS">
          <params>
            <param index="0">
              <value>
                <![CDATA[org.testng.TestRunner@352e787a]]>
              </value>
            </param>
          </params>
          <reporter-output>
            <line>
              <![CDATA[Extent Report DirectoryC:\Users\Arthur\IdeaProjects\WebAutomationFramework_15\Amazon\target\surefire-reports\html]]>
            </line>
          </reporter-output>
        </test-method> <!-- extentSetup -->
        <test-method is-config="true" signature="setUp(boolean, java.lang.String, java.lang.String, java.lang.String, java.lang.String, java.lang.String, java.lang.String)[pri:0, instance:homepagetest.HomePageTest@27ff5d15]" started-at="2021-03-17T23:05:42 PDT" name="setUp" finished-at="2021-03-17T23:05:48 PDT" duration-ms="6845" status="PASS">
          <params>
            <param index="0">
              <value>
                <![CDATA[true]]>
              </value>
            </param>
            <param index="1">
              <value>
                <![CDATA[browserStack]]>
              </value>
            </param>
            <param index="2">
              <value>
                <![CDATA[OS X]]>
              </value>
            </param>
            <param index="3">
              <value>
                <![CDATA[Sierra]]>
              </value>
            </param>
            <param index="4">
              <value>
                <![CDATA[chrome]]>
              </value>
            </param>
            <param index="5">
              <value>
                <![CDATA[89]]>
              </value>
            </param>
            <param index="6">
              <value>
                <![CDATA[https://www.amazon.com/]]>
              </value>
            </param>
          </params>
          <reporter-output>
          </reporter-output>
        </test-method> <!-- setUp -->
        <test-method is-config="true" signature="startExtent(java.lang.reflect.Method)[pri:0, instance:homepagetest.HomePageTest@27ff5d15]" started-at="2021-03-17T23:05:48 PDT" name="startExtent" finished-at="2021-03-17T23:05:48 PDT" duration-ms="5" status="PASS">
          <params>
            <param index="0">
              <value>
                <![CDATA[public void homepagetest.HomePageTest.demo()]]>
              </value>
            </param>
          </params>
          <reporter-output>
          </reporter-output>
        </test-method> <!-- startExtent -->
        <test-method signature="demo()[pri:0, instance:homepagetest.HomePageTest@27ff5d15]" started-at="2021-03-17T23:05:48 PDT" name="demo" finished-at="2021-03-17T23:05:48 PDT" duration-ms="1" status="PASS">
          <reporter-output>
          </reporter-output>
        </test-method> <!-- demo -->
        <test-method is-config="true" signature="afterEachTestMethod(org.testng.ITestResult)[pri:0, instance:homepagetest.HomePageTest@27ff5d15]" started-at="2021-03-17T23:05:48 PDT" name="afterEachTestMethod" finished-at="2021-03-17T23:05:50 PDT" duration-ms="1717" status="PASS">
          <params>
            <param index="0">
              <value>
                <![CDATA[[TestResult name=demo status=SUCCESS method=HomePageTest.demo()[pri:0, instance:homepagetest.HomePageTest@27ff5d15] output={null}]]]>
              </value>
            </param>
          </params>
          <reporter-output>
          </reporter-output>
        </test-method> <!-- afterEachTestMethod -->
        <test-method is-config="true" signature="cleanUp()[pri:0, instance:homepagetest.HomePageTest@27ff5d15]" started-at="2021-03-17T23:05:50 PDT" name="cleanUp" finished-at="2021-03-17T23:05:50 PDT" duration-ms="1" status="PASS">
          <reporter-output>
          </reporter-output>
        </test-method> <!-- cleanUp -->
        <test-method is-config="true" signature="setUp(boolean, java.lang.String, java.lang.String, java.lang.String, java.lang.String, java.lang.String, java.lang.String)[pri:0, instance:homepagetest.HomePageTest@27ff5d15]" started-at="2021-03-17T23:05:50 PDT" name="setUp" finished-at="2021-03-17T23:05:56 PDT" duration-ms="5640" status="PASS">
          <params>
            <param index="0">
              <value>
                <![CDATA[true]]>
              </value>
            </param>
            <param index="1">
              <value>
                <![CDATA[browserStack]]>
              </value>
            </param>
            <param index="2">
              <value>
                <![CDATA[OS X]]>
              </value>
            </param>
            <param index="3">
              <value>
                <![CDATA[Sierra]]>
              </value>
            </param>
            <param index="4">
              <value>
                <![CDATA[chrome]]>
              </value>
            </param>
            <param index="5">
              <value>
                <![CDATA[89]]>
              </value>
            </param>
            <param index="6">
              <value>
                <![CDATA[https://www.amazon.com/]]>
              </value>
            </param>
          </params>
          <reporter-output>
          </reporter-output>
        </test-method> <!-- setUp -->
        <test-method is-config="true" signature="startExtent(java.lang.reflect.Method)[pri:0, instance:homepagetest.HomePageTest@27ff5d15]" started-at="2021-03-17T23:05:56 PDT" name="startExtent" finished-at="2021-03-17T23:05:56 PDT" duration-ms="0" status="PASS">
          <params>
            <param index="0">
              <value>
                <![CDATA[public void homepagetest.HomePageTest.testSearchBox() throws java.lang.InterruptedException]]>
              </value>
            </param>
          </params>
          <reporter-output>
          </reporter-output>
        </test-method> <!-- startExtent -->
        <test-method signature="testSearchBox()[pri:0, instance:homepagetest.HomePageTest@27ff5d15]" started-at="2021-03-17T23:05:56 PDT" name="testSearchBox" finished-at="2021-03-17T23:06:06 PDT" duration-ms="10314" status="PASS">
          <reporter-output>
          </reporter-output>
        </test-method> <!-- testSearchBox -->
        <test-method is-config="true" signature="afterEachTestMethod(org.testng.ITestResult)[pri:0, instance:homepagetest.HomePageTest@27ff5d15]" started-at="2021-03-17T23:06:06 PDT" name="afterEachTestMethod" finished-at="2021-03-17T23:06:07 PDT" duration-ms="1233" status="PASS">
          <params>
            <param index="0">
              <value>
                <![CDATA[[TestResult name=testSearchBox status=SUCCESS method=HomePageTest.testSearchBox()[pri:0, instance:homepagetest.HomePageTest@27ff5d15] output={null}]]]>
              </value>
            </param>
          </params>
          <reporter-output>
          </reporter-output>
        </test-method> <!-- afterEachTestMethod -->
        <test-method is-config="true" signature="cleanUp()[pri:0, instance:homepagetest.HomePageTest@27ff5d15]" started-at="2021-03-17T23:06:07 PDT" name="cleanUp" finished-at="2021-03-17T23:06:07 PDT" duration-ms="0" status="PASS">
          <reporter-output>
          </reporter-output>
        </test-method> <!-- cleanUp -->
        <test-method is-config="true" signature="generateReport()[pri:0, instance:homepagetest.HomePageTest@27ff5d15]" started-at="2021-03-17T23:06:07 PDT" name="generateReport" finished-at="2021-03-17T23:06:08 PDT" duration-ms="260" status="PASS">
          <reporter-output>
          </reporter-output>
        </test-method> <!-- generateReport -->
      </class> <!-- homepagetest.HomePageTest -->
    </test> <!-- Amazon Automation Test Script -->
  </suite> <!-- TestSuite -->
</testng-results>
