<?xml version="1.0" encoding="UTF-8"?>
<!-- Generated by org.testng.reporters.JUnitXMLReporter -->
<testsuite ignored="1" hostname="DESKTOP-EFP93MD" failures="0" tests="2" name="Amazon Automation Test Script" time="25.794" errors="0" timestamp="2021-03-17T23:06:07 PDT">
  <testcase classname="homepagetest.HomePageTest" name="demo" time="0.001"/>
  <testcase classname="homepagetest.HomePageTest" name="testSearchBox" time="10.314"/>
  <testcase classname="homepagetest.HomePageTest" name="testSearchBox1" time="0.0">
    <ignored/>
  </testcase> <!-- testSearchBox1 -->
</testsuite> <!-- Amazon Automation Test Script -->
